<?xml version="1.0" encoding="UTF-8"?>
<robot generator="Robot 7.0.1 (Python 3.10.12 on linux)" generated="2024-11-25T10:11:23.686920" rpa="false" schemaversion="5">
<suite id="s1" name="Suites" source="/home/condabu/development/dashqa/testrunner/suites">
<suite id="s1-s1" name="Omni" source="/home/condabu/development/dashqa/testrunner/suites/Omni">
<suite id="s1-s1-s1" name="Login" source="/home/condabu/development/dashqa/testrunner/suites/Omni/Login">
<suite id="s1-s1-s1-s1" name="Login" source="/home/condabu/development/dashqa/testrunner/suites/Omni/Login/Login.robot">
<test id="s1-s1-s1-s1-t1" name="Verify whether the Customer able to Login into Coop Bank application with valid Username and Password" line="8">
<kw name="Launch Application" owner="common_keywords">
<kw name="Open Browser" owner="SeleniumLibrary">
<msg time="2024-11-25T10:11:23.844416" level="INFO">Opening browser 'headlesschrome' to base url 'https://condabu.com'.</msg>
<arg>${URL}</arg>
<arg>headlesschrome</arg>
<doc>Opens a new browser instance to the optional ``url``.</doc>
<status status="PASS" start="2024-11-25T10:11:23.843927" elapsed="5.738127"/>
</kw>
<kw name="Maximize Browser Window" owner="SeleniumLibrary">
<doc>Maximizes current browser window.</doc>
<status status="PASS" start="2024-11-25T10:11:29.582403" elapsed="0.040385"/>
</kw>
<kw name="Sleep" owner="BuiltIn">
<msg time="2024-11-25T10:11:59.623533" level="INFO">Slept 30 seconds.</msg>
<arg>30s</arg>
<doc>Pauses the test executed for the given time.</doc>
<status status="PASS" start="2024-11-25T10:11:29.623108" elapsed="30.000591"/>
</kw>
<status status="PASS" start="2024-11-25T10:11:23.842699" elapsed="35.781154"/>
</kw>
<kw name="Page Should Contain" owner="SeleniumLibrary">
<msg time="2024-11-25T10:11:59.647153" level="INFO">Current page contains text 'condabu'.</msg>
<arg>condabu</arg>
<doc>Verifies that current page contains ``text``.</doc>
<status status="PASS" start="2024-11-25T10:11:59.624110" elapsed="0.023167"/>
</kw>
<doc>This test case verifies that a user can log in with valid credentials.</doc>
<tag>Login</tag>
<tag>Smoke</tag>
<status status="PASS" start="2024-11-25T10:11:23.822732" elapsed="35.824835"/>
</test>
<status status="PASS" start="2024-11-25T10:11:23.708333" elapsed="35.957131"/>
</suite>
<status status="PASS" start="2024-11-25T10:11:23.707442" elapsed="35.959627"/>
</suite>
<suite id="s1-s1-s2" name="PesaLink" source="/home/condabu/development/dashqa/testrunner/suites/Omni/PesaLink">
<suite id="s1-s1-s2-s1" name="PesalinkToMobile" source="/home/condabu/development/dashqa/testrunner/suites/Omni/PesaLink/PesalinkToMobile.robot">
<test id="s1-s1-s2-s1-t1" name="Customer can use pesalini whether the Customer Coop Bank application with valid Username and Password" line="8">
<kw name="Launch Application" owner="common_keywords">
<kw name="Open Browser" owner="SeleniumLibrary">
<msg time="2024-11-25T10:11:59.693610" level="INFO">Opening browser 'headlesschrome' to base url 'https://condabu.com'.</msg>
<arg>${URL}</arg>
<arg>headlesschrome</arg>
<doc>Opens a new browser instance to the optional ``url``.</doc>
<status status="PASS" start="2024-11-25T10:11:59.693259" elapsed="35.231073"/>
</kw>
<kw name="Maximize Browser Window" owner="SeleniumLibrary">
<doc>Maximizes current browser window.</doc>
<status status="PASS" start="2024-11-25T10:12:34.924830" elapsed="0.040213"/>
</kw>
<kw name="Sleep" owner="BuiltIn">
<msg time="2024-11-25T10:13:04.965696" level="INFO">Slept 30 seconds.</msg>
<arg>30s</arg>
<doc>Pauses the test executed for the given time.</doc>
<status status="PASS" start="2024-11-25T10:12:34.965304" elapsed="30.000555"/>
</kw>
<status status="PASS" start="2024-11-25T10:11:59.692787" elapsed="65.273250"/>
</kw>
<kw name="Enter Username" owner="login_keyword">
<kw name="Input Text" owner="SeleniumLibrary">
<msg time="2024-11-25T10:13:04.967584" level="INFO">Typing text 'CIRUNGU' into text field 'id=mat-input-0'.</msg>
<msg time="2024-11-25T10:13:05.133834" level="INFO" html="true">&lt;/td&gt;&lt;/tr&gt;&lt;tr&gt;&lt;td colspan="3"&gt;&lt;a href="selenium-screenshot-1.png"&gt;&lt;img src="selenium-screenshot-1.png" width="800px"&gt;&lt;/a&gt;</msg>
<msg time="2024-11-25T10:13:05.134072" level="FAIL">Element with locator 'id=mat-input-0' not found.</msg>
<arg>id=mat-input-0</arg>
<arg>${username}</arg>
<doc>Types the given ``text`` into the text field identified by ``locator``.</doc>
<status status="FAIL" start="2024-11-25T10:13:04.967017" elapsed="0.179522">Element with locator 'id=mat-input-0' not found.</status>
</kw>
<arg>CIRUNGU</arg>
<status status="FAIL" start="2024-11-25T10:13:04.966412" elapsed="0.180376">Element with locator 'id=mat-input-0' not found.</status>
</kw>
<kw name="Enter Password" owner="login_keyword">
<arg>1234</arg>
<status status="NOT RUN" start="2024-11-25T10:13:05.147092" elapsed="0.000069"/>
</kw>
<kw name="Click Login Button" owner="login_keyword">
<status status="NOT RUN" start="2024-11-25T10:13:05.147407" elapsed="0.000045"/>
</kw>
<kw name="Page Should Contain" owner="SeleniumLibrary">
<arg>OTP Verification</arg>
<doc>Verifies that current page contains ``text``.</doc>
<status status="NOT RUN" start="2024-11-25T10:13:05.147632" elapsed="0.000053"/>
</kw>
<doc>This test case verifies that a user can log in with valid credentials.</doc>
<tag>regression</tag>
<status status="FAIL" start="2024-11-25T10:11:59.677497" elapsed="65.470488">Element with locator 'id=mat-input-0' not found.</status>
</test>
<status status="FAIL" start="2024-11-25T10:11:59.670507" elapsed="65.491468"/>
</suite>
<status status="FAIL" start="2024-11-25T10:11:59.668129" elapsed="65.494911"/>
</suite>
<status status="FAIL" start="2024-11-25T10:11:23.706449" elapsed="101.457770"/>
</suite>
<status status="FAIL" start="2024-11-25T10:11:23.687856" elapsed="101.477358"/>
</suite>
<statistics>
<total>
<stat pass="1" fail="1" skip="0">All Tests</stat>
</total>
<tag>
<stat pass="1" fail="0" skip="0">Login</stat>
<stat pass="0" fail="1" skip="0">regression</stat>
<stat pass="1" fail="0" skip="0">Smoke</stat>
</tag>
<suite>
<stat pass="1" fail="1" skip="0" id="s1" name="Suites">Suites</stat>
<stat pass="1" fail="1" skip="0" id="s1-s1" name="Omni">Suites.Omni</stat>
<stat pass="1" fail="0" skip="0" id="s1-s1-s1" name="Login">Suites.Omni.Login</stat>
<stat pass="1" fail="0" skip="0" id="s1-s1-s1-s1" name="Login">Suites.Omni.Login.Login</stat>
<stat pass="0" fail="1" skip="0" id="s1-s1-s2" name="PesaLink">Suites.Omni.PesaLink</stat>
<stat pass="0" fail="1" skip="0" id="s1-s1-s2-s1" name="PesalinkToMobile">Suites.Omni.PesaLink.PesalinkToMobile</stat>
</suite>
</statistics>
<errors>
</errors>
</robot>
