<?xml version="1.0" encoding="UTF-8"?>
<robot generator="Robot 7.0.1 (Python 3.10.12 on linux)" generated="2024-11-26T14:07:42.504108" rpa="false" schemaversion="5">
<suite id="s1" name="Suites" source="/home/condabu/development/dashqa/testrunner/suites">
<suite id="s1-s1" name="Omni" source="/home/condabu/development/dashqa/testrunner/suites/Omni">
<suite id="s1-s1-s1" name="Login" source="/home/condabu/development/dashqa/testrunner/suites/Omni/Login">
<suite id="s1-s1-s1-s1" name="Login" source="/home/condabu/development/dashqa/testrunner/suites/Omni/Login/Login.robot">
<test id="s1-s1-s1-s1-t1" name="Verify whether the Customer able to Login into Coop Bank application with valid Username and Password" line="8">
<kw name="Launch Application" owner="common_keywords">
<kw name="Open Browser" owner="SeleniumLibrary">
<msg time="2024-11-26T14:07:42.726834" level="INFO">Opening browser 'headlesschrome' to base url 'https://condabu.com'.</msg>
<arg>${URL}</arg>
<arg>headlesschrome</arg>
<doc>Opens a new browser instance to the optional ``url``.</doc>
<status status="PASS" start="2024-11-26T14:07:42.726382" elapsed="11.349656"/>
</kw>
<kw name="Maximize Browser Window" owner="SeleniumLibrary">
<doc>Maximizes current browser window.</doc>
<status status="PASS" start="2024-11-26T14:07:54.076692" elapsed="0.049556"/>
</kw>
<kw name="Sleep" owner="BuiltIn">
<arg>30s</arg>
<doc>Pauses the test executed for the given time.</doc>
<status status="FAIL" start="2024-11-26T14:07:54.126576" elapsed="5.329557">Execution terminated by signal</status>
</kw>
<status status="FAIL" start="2024-11-26T14:07:42.725109" elapsed="16.732187">Execution terminated by signal</status>
</kw>
<kw name="Page Should Contain" owner="SeleniumLibrary">
<arg>condabu</arg>
<doc>Verifies that current page contains ``text``.</doc>
<status status="NOT RUN" start="2024-11-26T14:07:59.458917" elapsed="0.000330"/>
</kw>
<doc>This test case verifies that a user can log in with valid credentials.</doc>
<tag>Login</tag>
<tag>Smoke</tag>
<status status="FAIL" start="2024-11-26T14:07:42.708678" elapsed="16.752139">Execution terminated by signal</status>
</test>
<status status="FAIL" start="2024-11-26T14:07:42.529214" elapsed="16.973030"/>
</suite>
<status status="FAIL" start="2024-11-26T14:07:42.528247" elapsed="16.979593"/>
</suite>
<suite id="s1-s1-s2" name="PesaLink" source="/home/condabu/development/dashqa/testrunner/suites/Omni/PesaLink">
<suite id="s1-s1-s2-s1" name="PesalinkToMobile" source="/home/condabu/development/dashqa/testrunner/suites/Omni/PesaLink/PesalinkToMobile.robot">
<test id="s1-s1-s2-s1-t1" name="Customer can use pesalini whether the Customer Coop Bank application with valid Username and Password" line="8">
<doc>This test case verifies that a user can log in with valid credentials.</doc>
<tag>regression</tag>
<tag>robot:exit</tag>
<status status="FAIL" start="2024-11-26T14:07:59.515138" elapsed="0.015008">Test execution stopped due to a fatal error.</status>
</test>
<status status="FAIL" start="2024-11-26T14:07:59.512828" elapsed="0.033709"/>
</suite>
<status status="FAIL" start="2024-11-26T14:07:59.510618" elapsed="0.038242"/>
</suite>
<status status="FAIL" start="2024-11-26T14:07:42.527214" elapsed="17.023811"/>
</suite>
<status status="FAIL" start="2024-11-26T14:07:42.505177" elapsed="17.048093"/>
</suite>
<statistics>
<total>
<stat pass="0" fail="2" skip="0">All Tests</stat>
</total>
<tag>
<stat pass="0" fail="1" skip="0" info="combined" combined="NOT robot:exit">NOT robot:exit</stat>
<stat pass="0" fail="1" skip="0">Login</stat>
<stat pass="0" fail="1" skip="0">regression</stat>
<stat pass="0" fail="1" skip="0">Smoke</stat>
</tag>
<suite>
<stat pass="0" fail="2" skip="0" id="s1" name="Suites">Suites</stat>
<stat pass="0" fail="2" skip="0" id="s1-s1" name="Omni">Suites.Omni</stat>
<stat pass="0" fail="1" skip="0" id="s1-s1-s1" name="Login">Suites.Omni.Login</stat>
<stat pass="0" fail="1" skip="0" id="s1-s1-s1-s1" name="Login">Suites.Omni.Login.Login</stat>
<stat pass="0" fail="1" skip="0" id="s1-s1-s2" name="PesaLink">Suites.Omni.PesaLink</stat>
<stat pass="0" fail="1" skip="0" id="s1-s1-s2-s1" name="PesalinkToMobile">Suites.Omni.PesaLink.PesalinkToMobile</stat>
</suite>
</statistics>
<errors>
</errors>
</robot>
