<?xml version="1.0" encoding="UTF-8"?>
<robot generator="Robot 7.0.1 (Python 3.10.12 on linux)" generated="2024-11-23T00:59:42.890404" rpa="false" schemaversion="5">
<suite id="s1" name="Resources" source="/home/condabu/development/dashqa/testrunner/resources">
<suite id="s1-s1" name="Common" source="/home/condabu/development/dashqa/testrunner/resources/common">
<suite id="s1-s1-s1" name="Common Keywords" source="/home/condabu/development/dashqa/testrunner/resources/common/common_keywords.robot">
<test id="s1-s1-s1-t1" name="Test Headless Chrome" line="8">
<kw name="Launch Application">
<kw name="Open Browser" owner="SeleniumLibrary">
<msg time="2024-11-23T00:59:43.122665" level="INFO">Opening browser 'chrome' to base url 'https://condabu.com'.</msg>
<msg time="2024-11-23T00:59:43.140648" level="INFO">Cannot capture screenshot because no browser is open.</msg>
<msg time="2024-11-23T00:59:43.144787" level="FAIL">ValueError: Unable to parse option: "add_argument("--headless"),add_argument("--disable-gpu"),add_argument("--no-sandbox")"</msg>
<arg>${URL}</arg>
<arg>chrome</arg>
<arg>options=add_argument("--headless"),add_argument("--disable-gpu"),add_argument("--no-sandbox")</arg>
<doc>Opens a new browser instance to the optional ``url``.</doc>
<status status="FAIL" start="2024-11-23T00:59:43.121851" elapsed="0.027182">ValueError: Unable to parse option: "add_argument("--headless"),add_argument("--disable-gpu"),add_argument("--no-sandbox")"</status>
</kw>
<kw name="Maximize Browser Window" owner="SeleniumLibrary">
<doc>Maximizes current browser window.</doc>
<status status="NOT RUN" start="2024-11-23T00:59:43.152912" elapsed="0.000321"/>
</kw>
<kw name="Sleep" owner="BuiltIn">
<arg>5s</arg>
<doc>Pauses the test executed for the given time.</doc>
<status status="NOT RUN" start="2024-11-23T00:59:43.153697" elapsed="0.000299"/>
</kw>
<status status="FAIL" start="2024-11-23T00:59:43.119810" elapsed="0.035135">ValueError: Unable to parse option: "add_argument("--headless"),add_argument("--disable-gpu"),add_argument("--no-sandbox")"</status>
</kw>
<status status="FAIL" start="2024-11-23T00:59:43.118563" elapsed="0.037381">ValueError: Unable to parse option: "add_argument("--headless"),add_argument("--disable-gpu"),add_argument("--no-sandbox")"</status>
</test>
<status status="FAIL" start="2024-11-23T00:59:42.922101" elapsed="0.238404"/>
</suite>
<status status="FAIL" start="2024-11-23T00:59:42.919909" elapsed="0.245881"/>
</suite>
<status status="FAIL" start="2024-11-23T00:59:42.894361" elapsed="0.273052"/>
</suite>
<statistics>
<total>
<stat pass="0" fail="1" skip="0">All Tests</stat>
</total>
<tag>
</tag>
<suite>
<stat pass="0" fail="1" skip="0" id="s1" name="Resources">Resources</stat>
<stat pass="0" fail="1" skip="0" id="s1-s1" name="Common">Resources.Common</stat>
<stat pass="0" fail="1" skip="0" id="s1-s1-s1" name="Common Keywords">Resources.Common.Common Keywords</stat>
</suite>
</statistics>
<errors>
</errors>
</robot>
