<?xml version="1.0" encoding="UTF-8"?>
<robot generator="Robot 7.1.1 (Python 3.10.12 on linux)" generated="2024-11-25T10:16:53.519054" rpa="false" schemaversion="5">
<suite id="s1" name="Omni" source="/home/condabu/development/dashqa/testrunner/suites/Omni">
<suite id="s1-s1" name="Login" source="/home/condabu/development/dashqa/testrunner/suites/Omni/Login">
<suite id="s1-s1-s1" name="Login" source="/home/condabu/development/dashqa/testrunner/suites/Omni/Login/Login.robot">
<test id="s1-s1-s1-t1" name="Verify whether the Customer able to Login into Coop Bank application with valid Username and Password" line="8">
<kw name="Launch Application" owner="common_keywords">
<kw name="Open Browser" owner="SeleniumLibrary">
<msg time="2024-11-25T10:16:53.682505" level="INFO">Opening browser 'headlesschrome' to base url 'https://condabu.com'.</msg>
<arg>${URL}</arg>
<arg>headlesschrome</arg>
<doc>Opens a new browser instance to the optional ``url``.</doc>
<status status="PASS" start="2024-11-25T10:16:53.682087" elapsed="5.256232"/>
</kw>
<kw name="Maximize Browser Window" owner="SeleniumLibrary">
<doc>Maximizes current browser window.</doc>
<status status="PASS" start="2024-11-25T10:16:58.938689" elapsed="0.040470"/>
</kw>
<kw name="Sleep" owner="BuiltIn">
<msg time="2024-11-25T10:17:28.980237" level="INFO">Slept 30 seconds.</msg>
<arg>30s</arg>
<doc>Pauses the test executed for the given time.</doc>
<status status="PASS" start="2024-11-25T10:16:58.979573" elapsed="30.001004"/>
</kw>
<status status="PASS" start="2024-11-25T10:16:53.680808" elapsed="35.300122"/>
</kw>
<kw name="Page Should Contain" owner="SeleniumLibrary">
<msg time="2024-11-25T10:17:29.008478" level="INFO">Current page contains text 'condabu'.</msg>
<arg>condabu</arg>
<doc>Verifies that current page contains ``text``.</doc>
<status status="PASS" start="2024-11-25T10:17:28.981410" elapsed="0.027200"/>
</kw>
<doc>This test case verifies that a user can log in with valid credentials.</doc>
<tag>Login</tag>
<tag>Smoke</tag>
<status status="PASS" start="2024-11-25T10:16:53.664323" elapsed="35.344525"/>
</test>
<status status="PASS" start="2024-11-25T10:16:53.540464" elapsed="35.485154"/>
</suite>
<status status="PASS" start="2024-11-25T10:16:53.539460" elapsed="35.487485"/>
</suite>
<suite id="s1-s2" name="PesaLink" source="/home/condabu/development/dashqa/testrunner/suites/Omni/PesaLink">
<suite id="s1-s2-s1" name="PesalinkToMobile" source="/home/condabu/development/dashqa/testrunner/suites/Omni/PesaLink/PesalinkToMobile.robot">
<test id="s1-s2-s1-t1" name="Customer can use pesalini whether the Customer Coop Bank application with valid Username and Password" line="8">
<kw name="Launch Application" owner="common_keywords">
<kw name="Open Browser" owner="SeleniumLibrary">
<msg time="2024-11-25T10:17:29.047812" level="INFO">Opening browser 'headlesschrome' to base url 'https://condabu.com'.</msg>
<arg>${URL}</arg>
<arg>headlesschrome</arg>
<doc>Opens a new browser instance to the optional ``url``.</doc>
<status status="PASS" start="2024-11-25T10:17:29.047513" elapsed="51.465541"/>
</kw>
<kw name="Maximize Browser Window" owner="SeleniumLibrary">
<doc>Maximizes current browser window.</doc>
<status status="PASS" start="2024-11-25T10:18:20.513862" elapsed="0.054894"/>
</kw>
<kw name="Sleep" owner="BuiltIn">
<msg time="2024-11-25T10:18:50.569492" level="INFO">Slept 30 seconds.</msg>
<arg>30s</arg>
<doc>Pauses the test executed for the given time.</doc>
<status status="PASS" start="2024-11-25T10:18:20.568991" elapsed="30.000818"/>
</kw>
<status status="PASS" start="2024-11-25T10:17:29.046952" elapsed="81.523228"/>
</kw>
<kw name="Enter Username" owner="login_keyword">
<kw name="Input Text" owner="SeleniumLibrary">
<msg time="2024-11-25T10:18:50.572834" level="INFO">Typing text 'CIRUNGU' into text field 'id=mat-input-0'.</msg>
<msg time="2024-11-25T10:18:50.749440" level="INFO" html="true">&lt;/td&gt;&lt;/tr&gt;&lt;tr&gt;&lt;td colspan="3"&gt;&lt;a href="selenium-screenshot-1.png"&gt;&lt;img src="selenium-screenshot-1.png" width="800px"&gt;&lt;/a&gt;</msg>
<msg time="2024-11-25T10:18:50.749610" level="FAIL">Element with locator 'id=mat-input-0' not found.</msg>
<arg>id=mat-input-0</arg>
<arg>${username}</arg>
<doc>Types the given ``text`` into the text field identified by ``locator``.</doc>
<status status="FAIL" start="2024-11-25T10:18:50.571770" elapsed="0.178574">Element with locator 'id=mat-input-0' not found.</status>
</kw>
<arg>CIRUNGU</arg>
<status status="FAIL" start="2024-11-25T10:18:50.570745" elapsed="0.179964">Element with locator 'id=mat-input-0' not found.</status>
</kw>
<kw name="Enter Password" owner="login_keyword">
<arg>1234</arg>
<status status="NOT RUN" start="2024-11-25T10:18:50.750940" elapsed="0.000051"/>
</kw>
<kw name="Click Login Button" owner="login_keyword">
<status status="NOT RUN" start="2024-11-25T10:18:50.751153" elapsed="0.000043"/>
</kw>
<kw name="Page Should Contain" owner="SeleniumLibrary">
<arg>OTP Verification</arg>
<doc>Verifies that current page contains ``text``.</doc>
<status status="NOT RUN" start="2024-11-25T10:18:50.751358" elapsed="0.000057"/>
</kw>
<doc>This test case verifies that a user can log in with valid credentials.</doc>
<tag>regression</tag>
<status status="FAIL" start="2024-11-25T10:17:29.035910" elapsed="81.715701">Element with locator 'id=mat-input-0' not found.</status>
</test>
<status status="FAIL" start="2024-11-25T10:17:29.030008" elapsed="81.733967"/>
</suite>
<status status="FAIL" start="2024-11-25T10:17:29.027850" elapsed="81.737055"/>
</suite>
<status status="FAIL" start="2024-11-25T10:16:53.519993" elapsed="117.245712"/>
</suite>
<statistics>
<total>
<stat pass="1" fail="1" skip="0">All Tests</stat>
</total>
<tag>
<stat pass="1" fail="0" skip="0">Login</stat>
<stat pass="0" fail="1" skip="0">regression</stat>
<stat pass="1" fail="0" skip="0">Smoke</stat>
</tag>
<suite>
<stat pass="1" fail="1" skip="0" id="s1" name="Omni">Omni</stat>
<stat pass="1" fail="0" skip="0" id="s1-s1" name="Login">Omni.Login</stat>
<stat pass="1" fail="0" skip="0" id="s1-s1-s1" name="Login">Omni.Login.Login</stat>
<stat pass="0" fail="1" skip="0" id="s1-s2" name="PesaLink">Omni.PesaLink</stat>
<stat pass="0" fail="1" skip="0" id="s1-s2-s1" name="PesalinkToMobile">Omni.PesaLink.PesalinkToMobile</stat>
</suite>
</statistics>
<errors>
</errors>
</robot>
