<?xml version="1.0" encoding="UTF-8"?>
<robot generator="Robot 7.0.1 (Python 3.10.12 on linux)" generated="2024-11-25T20:57:29.030699" rpa="false" schemaversion="5">
<suite id="s1" name="Omni" source="/home/condabu/development/dashqa/testrunner/suites/Omni">
<suite id="s1-s1" name="Login" source="/home/condabu/development/dashqa/testrunner/suites/Omni/Login">
<suite id="s1-s1-s1" name="Login" source="/home/condabu/development/dashqa/testrunner/suites/Omni/Login/Login.robot">
<test id="s1-s1-s1-t1" name="Verify whether the Customer able to Login into Coop Bank application with valid Username and Password" line="8">
<kw name="Launch Application" owner="common_keywords">
<kw name="Open Browser" owner="SeleniumLibrary">
<msg time="2024-11-25T20:57:29.185009" level="INFO">Opening browser 'headlesschrome' to base url 'https://condabu.com'.</msg>
<arg>${URL}</arg>
<arg>headlesschrome</arg>
<doc>Opens a new browser instance to the optional ``url``.</doc>
<status status="PASS" start="2024-11-25T20:57:29.184629" elapsed="5.670301"/>
</kw>
<kw name="Maximize Browser Window" owner="SeleniumLibrary">
<doc>Maximizes current browser window.</doc>
<status status="PASS" start="2024-11-25T20:57:34.855415" elapsed="0.045549"/>
</kw>
<kw name="Sleep" owner="BuiltIn">
<msg time="2024-11-25T20:58:04.901974" level="INFO">Slept 30 seconds.</msg>
<arg>30s</arg>
<doc>Pauses the test executed for the given time.</doc>
<status status="PASS" start="2024-11-25T20:57:34.901269" elapsed="30.001283"/>
</kw>
<status status="PASS" start="2024-11-25T20:57:29.183594" elapsed="35.719601"/>
</kw>
<kw name="Page Should Contain" owner="SeleniumLibrary">
<msg time="2024-11-25T20:58:04.953355" level="INFO">Current page contains text 'condabu'.</msg>
<arg>condabu</arg>
<doc>Verifies that current page contains ``text``.</doc>
<status status="PASS" start="2024-11-25T20:58:04.904124" elapsed="0.049432"/>
</kw>
<doc>This test case verifies that a user can log in with valid credentials.</doc>
<tag>Login</tag>
<tag>Smoke</tag>
<status status="PASS" start="2024-11-25T20:57:29.171964" elapsed="35.781978"/>
</test>
<status status="PASS" start="2024-11-25T20:57:29.053683" elapsed="35.927960"/>
</suite>
<status status="PASS" start="2024-11-25T20:57:29.052341" elapsed="35.931233"/>
</suite>
<suite id="s1-s2" name="PesaLink" source="/home/condabu/development/dashqa/testrunner/suites/Omni/PesaLink">
<suite id="s1-s2-s1" name="PesalinkToMobile" source="/home/condabu/development/dashqa/testrunner/suites/Omni/PesaLink/PesalinkToMobile.robot">
<test id="s1-s2-s1-t1" name="Customer can use pesalini whether the Customer Coop Bank application with valid Username and Password" line="8">
<kw name="Launch Application" owner="common_keywords">
<kw name="Open Browser" owner="SeleniumLibrary">
<msg time="2024-11-25T20:58:05.009100" level="INFO">Opening browser 'headlesschrome' to base url 'https://condabu.com'.</msg>
<arg>${URL}</arg>
<arg>headlesschrome</arg>
<doc>Opens a new browser instance to the optional ``url``.</doc>
<status status="PASS" start="2024-11-25T20:58:05.008719" elapsed="47.374915"/>
</kw>
<kw name="Maximize Browser Window" owner="SeleniumLibrary">
<doc>Maximizes current browser window.</doc>
<status status="PASS" start="2024-11-25T20:58:52.384114" elapsed="0.060645"/>
</kw>
<kw name="Sleep" owner="BuiltIn">
<msg time="2024-11-25T20:59:22.445621" level="INFO">Slept 30 seconds.</msg>
<arg>30s</arg>
<doc>Pauses the test executed for the given time.</doc>
<status status="PASS" start="2024-11-25T20:58:52.445059" elapsed="30.001037"/>
</kw>
<status status="PASS" start="2024-11-25T20:58:05.008177" elapsed="77.438522"/>
</kw>
<kw name="Enter Username" owner="login_keyword">
<kw name="Input Text" owner="SeleniumLibrary">
<msg time="2024-11-25T20:59:22.451106" level="INFO">Typing text 'CIRUNGU' into text field 'id=mat-input-0'.</msg>
<msg time="2024-11-25T20:59:22.770192" level="INFO" html="true">&lt;/td&gt;&lt;/tr&gt;&lt;tr&gt;&lt;td colspan="3"&gt;&lt;a href="selenium-screenshot-1.png"&gt;&lt;img src="selenium-screenshot-1.png" width="800px"&gt;&lt;/a&gt;</msg>
<msg time="2024-11-25T20:59:22.770428" level="FAIL">Element with locator 'id=mat-input-0' not found.</msg>
<arg>id=mat-input-0</arg>
<arg>${username}</arg>
<doc>Types the given ``text`` into the text field identified by ``locator``.</doc>
<status status="FAIL" start="2024-11-25T20:59:22.449523" elapsed="0.323717">Element with locator 'id=mat-input-0' not found.</status>
</kw>
<arg>CIRUNGU</arg>
<status status="FAIL" start="2024-11-25T20:59:22.447785" elapsed="0.325717">Element with locator 'id=mat-input-0' not found.</status>
</kw>
<kw name="Enter Password" owner="login_keyword">
<arg>1234</arg>
<status status="NOT RUN" start="2024-11-25T20:59:22.773788" elapsed="0.000051"/>
</kw>
<kw name="Click Login Button" owner="login_keyword">
<status status="NOT RUN" start="2024-11-25T20:59:22.774067" elapsed="0.000046"/>
</kw>
<kw name="Page Should Contain" owner="SeleniumLibrary">
<arg>OTP Verification</arg>
<doc>Verifies that current page contains ``text``.</doc>
<status status="NOT RUN" start="2024-11-25T20:59:22.774284" elapsed="0.000041"/>
</kw>
<doc>This test case verifies that a user can log in with valid credentials.</doc>
<tag>regression</tag>
<status status="FAIL" start="2024-11-25T20:58:04.996342" elapsed="77.778217">Element with locator 'id=mat-input-0' not found.</status>
</test>
<status status="FAIL" start="2024-11-25T20:58:04.987960" elapsed="77.797510"/>
</suite>
<status status="FAIL" start="2024-11-25T20:58:04.984706" elapsed="77.802273"/>
</suite>
<status status="FAIL" start="2024-11-25T20:57:29.031611" elapsed="113.756659"/>
</suite>
<statistics>
<total>
<stat pass="1" fail="1" skip="0">All Tests</stat>
</total>
<tag>
<stat pass="1" fail="0" skip="0">Login</stat>
<stat pass="0" fail="1" skip="0">regression</stat>
<stat pass="1" fail="0" skip="0">Smoke</stat>
</tag>
<suite>
<stat pass="1" fail="1" skip="0" id="s1" name="Omni">Omni</stat>
<stat pass="1" fail="0" skip="0" id="s1-s1" name="Login">Omni.Login</stat>
<stat pass="1" fail="0" skip="0" id="s1-s1-s1" name="Login">Omni.Login.Login</stat>
<stat pass="0" fail="1" skip="0" id="s1-s2" name="PesaLink">Omni.PesaLink</stat>
<stat pass="0" fail="1" skip="0" id="s1-s2-s1" name="PesalinkToMobile">Omni.PesaLink.PesalinkToMobile</stat>
</suite>
</statistics>
<errors>
</errors>
</robot>
